Partition Merge report for Cyclone_10_generator
Mon Jan 22 18:34:37 2024
Quartus Prime Version 22.1std.0 Build 915 10/25/2022 SC Standard Edition


---------------------
; Table of Contents ;
---------------------
  1. Legal Notice
  2. Partition Merge Summary
  3. Partition Merge Netlist Types Used
  4. Partition Merge Partition Statistics
  5. Partition Merge Partition Pin Processing
  6. Partition Merge Resource Usage Summary
  7. Partition Merge RAM Summary
  8. Partition Merge Messages



----------------
; Legal Notice ;
----------------
Copyright (C) 2022  Intel Corporation. All rights reserved.
Your use of Intel Corporation's design tools, logic functions 
and other software and tools, and any partner logic 
functions, and any output files from any of the foregoing 
(including device programming or simulation files), and any 
associated documentation or information are expressly subject 
to the terms and conditions of the Intel Program License 
Subscription Agreement, the Intel Quartus Prime License Agreement,
the Intel FPGA IP License Agreement, or other applicable license
agreement, including, without limitation, that your use is for
the sole purpose of programming logic devices manufactured by
Intel and sold by Intel or its authorized distributors.  Please
refer to the applicable agreement for further details, at
https://fpgasoftware.intel.com/eula.



+-----------------------------------------------------------------------------------------+
; Partition Merge Summary                                                                 ;
+------------------------------------+----------------------------------------------------+
; Partition Merge Status             ; Successful - Mon Jan 22 18:34:37 2024              ;
; Quartus Prime Version              ; 22.1std.0 Build 915 10/25/2022 SC Standard Edition ;
; Revision Name                      ; Cyclone_10_generator                               ;
; Top-level Entity Name              ; main                                               ;
; Family                             ; Cyclone 10 LP                                      ;
; Total logic elements               ; 179 / 10,320 ( 2 % )                               ;
;     Total combinational functions  ; 118 / 10,320 ( 1 % )                               ;
;     Dedicated logic registers      ; 125 / 10,320 ( 1 % )                               ;
; Total registers                    ; 127                                                ;
; Total pins                         ; 27 / 177 ( 15 % )                                  ;
; Total virtual pins                 ; 0                                                  ;
; Total memory bits                  ; 20 / 423,936 ( < 1 % )                             ;
; Embedded Multiplier 9-bit elements ; 0 / 46 ( 0 % )                                     ;
; Total PLLs                         ; 2 / 2 ( 100 % )                                    ;
+------------------------------------+----------------------------------------------------+


+-------------------------------------------------------------------------------------------------------------------------------+
; Partition Merge Netlist Types Used                                                                                            ;
+--------------------------------+----------------+-------------------+------------------------+--------------------------------+
; Partition Name                 ; Partition Type ; Netlist Type Used ; Netlist Type Requested ; Partition Contents             ;
+--------------------------------+----------------+-------------------+------------------------+--------------------------------+
; Top                            ; User-created   ; Post-Fit          ; Post-Fit               ;                                ;
; hard_block:auto_generated_inst ; Auto-generated ; Source File       ; Source File            ; hard_block:auto_generated_inst ;
+--------------------------------+----------------+-------------------+------------------------+--------------------------------+


+----------------------------------------------------------------------------------------------------+
; Partition Merge Partition Statistics                                                               ;
+---------------------------------------------+---------------------+--------------------------------+
; Statistic                                   ; Top                 ; hard_block:auto_generated_inst ;
+---------------------------------------------+---------------------+--------------------------------+
; Estimated Total logic elements              ; 179 / 10320 ( 2 % ) ; 0 / 10320 ( 0 % )              ;
;                                             ;                     ;                                ;
; Total combinational functions               ; 118                 ; 0                              ;
; Logic element usage by number of LUT inputs ;                     ;                                ;
;     -- 4 input functions                    ; 32                  ; 0                              ;
;     -- 3 input functions                    ; 32                  ; 0                              ;
;     -- <=2 input functions                  ; 54                  ; 0                              ;
;                                             ;                     ;                                ;
; Logic elements by mode                      ;                     ;                                ;
;     -- normal mode                          ; 95                  ; 0                              ;
;     -- arithmetic mode                      ; 23                  ; 0                              ;
;                                             ;                     ;                                ;
; Total registers                             ; 125                 ; 2                              ;
;     -- Dedicated logic registers            ; 125 / 10320 ( 1 % ) ; 0 / 10320 ( 0 % )              ;
;     -- I/O registers                        ; 0                   ; 4                              ;
;                                             ;                     ;                                ;
; Virtual pins                                ; 0                   ; 0                              ;
; I/O pins                                    ; 26                  ; 1                              ;
; Embedded Multiplier 9-bit elements          ; 0 / 46 ( 0 % )      ; 0 / 46 ( 0 % )                 ;
; Total memory bits                           ; 20                  ; 0                              ;
; Total RAM block bits                        ; 9216                ; 0                              ;
; PLL                                         ; 0 / 2 ( 0 % )       ; 2 / 2 ( 100 % )                ;
; M9K                                         ; 1 / 46 ( 2 % )      ; 0 / 46 ( 0 % )                 ;
; Double Data Rate I/O Output Circuitry       ; 0 / 185 ( 0 % )     ; 1 / 185 ( < 1 % )              ;
;                                             ;                     ;                                ;
; Connections                                 ;                     ;                                ;
;     -- Input Connections                    ; 135                 ; 4                              ;
;     -- Registered Input Connections         ; 126                 ; 0                              ;
;     -- Output Connections                   ; 13                  ; 126                            ;
;     -- Registered Output Connections        ; 2                   ; 0                              ;
;                                             ;                     ;                                ;
; Internal Connections                        ;                     ;                                ;
;     -- Total Connections                    ; 726                 ; 137                            ;
;     -- Registered Connections               ; 441                 ; 0                              ;
;                                             ;                     ;                                ;
; External Connections                        ;                     ;                                ;
;     -- Top                                  ; 18                  ; 130                            ;
;     -- hard_block:auto_generated_inst       ; 130                 ; 0                              ;
;                                             ;                     ;                                ;
; Partition Interface                         ;                     ;                                ;
;     -- Input Ports                          ; 6                   ; 4                              ;
;     -- Output Ports                         ; 12                  ; 5                              ;
;     -- Bidir Ports                          ; 9                   ; 0                              ;
;                                             ;                     ;                                ;
; Registered Ports                            ;                     ;                                ;
;     -- Registered Input Ports               ; 0                   ; 0                              ;
;     -- Registered Output Ports              ; 0                   ; 0                              ;
;                                             ;                     ;                                ;
; Port Connectivity                           ;                     ;                                ;
;     -- Input Ports driven by GND            ; 0                   ; 0                              ;
;     -- Output Ports driven by GND           ; 0                   ; 0                              ;
;     -- Input Ports driven by VCC            ; 0                   ; 0                              ;
;     -- Output Ports driven by VCC           ; 0                   ; 0                              ;
;     -- Input Ports with no Source           ; 0                   ; 0                              ;
;     -- Output Ports with no Source          ; 0                   ; 0                              ;
;     -- Input Ports with no Fanout           ; 0                   ; 1                              ;
;     -- Output Ports with no Fanout          ; 0                   ; 0                              ;
+---------------------------------------------+---------------------+--------------------------------+
Note: Resource usage numbers presented for Partitions containing post-synthesis logic are estimates.  For Partitions containing post-fit logic, resource usage numbers are accurate based on previous placement information.  Actual Fitter results may vary depending on current Fitter Preservation Level assignments.


+------------------------------------------------------------------------------------------------------------------------+
; Partition Merge Partition Pin Processing                                                                               ;
+-------------------------+-----------+---------------+--------------------+---------------------------------------------+
; Name                    ; Partition ; Type          ; Location           ; Status                                      ;
+-------------------------+-----------+---------------+--------------------+---------------------------------------------+
; i_clk50MHz              ; Top       ; Input Port    ; n/a                ;                                             ;
;     -- i_clk50MHz       ; Top       ; Input Pad     ; IOPAD_X0_Y11_N0    ; Preserved from Post-Fit or Imported Netlist ;
;     -- i_clk50MHz~input ; Top       ; Input Buffer  ; IOIBUF_X0_Y11_N1   ; Preserved from Post-Fit or Imported Netlist ;
;                         ;           ;               ;                    ;                                             ;
; i_clk_lvds              ; Top       ; Input Port    ; n/a                ;                                             ;
;     -- i_clk_lvds       ; Top       ; Input Pad     ; IOPAD_X21_Y24_N7   ; Preserved from Post-Fit or Imported Netlist ;
;     -- i_clk_lvds~input ; Top       ; Input Buffer  ; IOIBUF_X21_Y24_N8  ; Preserved from Post-Fit or Imported Netlist ;
;                         ;           ;               ;                    ;                                             ;
; i_lvds_rx               ; Top       ; Input Port    ; n/a                ;                                             ;
;     -- i_lvds_rx        ; Top       ; Input Pad     ; IOPAD_X34_Y5_N21   ; Preserved from Post-Fit or Imported Netlist ;
;     -- i_lvds_rx~input  ; Top       ; Input Buffer  ; IOIBUF_X34_Y5_N22  ; Preserved from Post-Fit or Imported Netlist ;
;                         ;           ;               ;                    ;                                             ;
; i_rstn                  ; Top       ; Input Port    ; n/a                ;                                             ;
;     -- i_rstn           ; Top       ; Input Pad     ; IOPAD_X34_Y10_N7   ; Preserved from Post-Fit or Imported Netlist ;
;     -- i_rstn~input     ; Top       ; Input Buffer  ; IOIBUF_X34_Y10_N8  ; Preserved from Post-Fit or Imported Netlist ;
;                         ;           ;               ;                    ;                                             ;
; i_rx[0]                 ; Top       ; Input Port    ; n/a                ;                                             ;
;     -- i_rx[0]          ; Top       ; Input Pad     ; IOPAD_X0_Y7_N21    ; Preserved from Post-Fit or Imported Netlist ;
;     -- i_rx[0]~input    ; Top       ; Input Buffer  ; IOIBUF_X0_Y7_N22   ; Preserved from Post-Fit or Imported Netlist ;
;                         ;           ;               ;                    ;                                             ;
; i_rx[1]                 ; Top       ; Input Port    ; n/a                ;                                             ;
;     -- i_rx[1]          ; Top       ; Input Pad     ; IOPAD_X0_Y4_N21    ; Preserved from Post-Fit or Imported Netlist ;
;     -- i_rx[1]~input    ; Top       ; Input Buffer  ; IOIBUF_X0_Y4_N22   ; Preserved from Post-Fit or Imported Netlist ;
;                         ;           ;               ;                    ;                                             ;
; io_dq[0]                ; Top       ; Bidir Port    ; n/a                ;                                             ;
;     -- io_dq[0]         ; Top       ; Bidir Pad     ; IOPAD_X11_Y0_N0    ; Preserved from Post-Fit or Imported Netlist ;
;     -- io_dq[0]~output  ; Top       ; Output Buffer ; IOOBUF_X11_Y0_N2   ; Preserved from Post-Fit or Imported Netlist ;
;                         ;           ;               ;                    ;                                             ;
; io_dq[1]                ; Top       ; Bidir Port    ; n/a                ;                                             ;
;     -- io_dq[1]         ; Top       ; Bidir Pad     ; IOPAD_X16_Y0_N7    ; Preserved from Post-Fit or Imported Netlist ;
;     -- io_dq[1]~output  ; Top       ; Output Buffer ; IOOBUF_X16_Y0_N9   ; Preserved from Post-Fit or Imported Netlist ;
;                         ;           ;               ;                    ;                                             ;
; io_dq[2]                ; Top       ; Bidir Port    ; n/a                ;                                             ;
;     -- io_dq[2]         ; Top       ; Bidir Pad     ; IOPAD_X9_Y0_N0     ; Preserved from Post-Fit or Imported Netlist ;
;     -- io_dq[2]~output  ; Top       ; Output Buffer ; IOOBUF_X9_Y0_N2    ; Preserved from Post-Fit or Imported Netlist ;
;                         ;           ;               ;                    ;                                             ;
; io_dq[3]                ; Top       ; Bidir Port    ; n/a                ;                                             ;
;     -- io_dq[3]         ; Top       ; Bidir Pad     ; IOPAD_X11_Y0_N14   ; Preserved from Post-Fit or Imported Netlist ;
;     -- io_dq[3]~output  ; Top       ; Output Buffer ; IOOBUF_X11_Y0_N16  ; Preserved from Post-Fit or Imported Netlist ;
;                         ;           ;               ;                    ;                                             ;
; io_dq[4]                ; Top       ; Bidir Port    ; n/a                ;                                             ;
;     -- io_dq[4]         ; Top       ; Bidir Pad     ; IOPAD_X11_Y0_N21   ; Preserved from Post-Fit or Imported Netlist ;
;     -- io_dq[4]~output  ; Top       ; Output Buffer ; IOOBUF_X11_Y0_N23  ; Preserved from Post-Fit or Imported Netlist ;
;                         ;           ;               ;                    ;                                             ;
; io_dq[5]                ; Top       ; Bidir Port    ; n/a                ;                                             ;
;     -- io_dq[5]         ; Top       ; Bidir Pad     ; IOPAD_X13_Y0_N21   ; Preserved from Post-Fit or Imported Netlist ;
;     -- io_dq[5]~output  ; Top       ; Output Buffer ; IOOBUF_X13_Y0_N23  ; Preserved from Post-Fit or Imported Netlist ;
;                         ;           ;               ;                    ;                                             ;
; io_dq[6]                ; Top       ; Bidir Port    ; n/a                ;                                             ;
;     -- io_dq[6]         ; Top       ; Bidir Pad     ; IOPAD_X16_Y0_N0    ; Preserved from Post-Fit or Imported Netlist ;
;     -- io_dq[6]~output  ; Top       ; Output Buffer ; IOOBUF_X16_Y0_N2   ; Preserved from Post-Fit or Imported Netlist ;
;                         ;           ;               ;                    ;                                             ;
; io_dq[7]                ; Top       ; Bidir Port    ; n/a                ;                                             ;
;     -- io_dq[7]         ; Top       ; Bidir Pad     ; IOPAD_X16_Y0_N14   ; Preserved from Post-Fit or Imported Netlist ;
;     -- io_dq[7]~output  ; Top       ; Output Buffer ; IOOBUF_X16_Y0_N16  ; Preserved from Post-Fit or Imported Netlist ;
;                         ;           ;               ;                    ;                                             ;
; io_rwds                 ; Top       ; Bidir Port    ; n/a                ;                                             ;
;     -- io_rwds          ; Top       ; Bidir Pad     ; IOPAD_X1_Y0_N0     ; Preserved from Post-Fit or Imported Netlist ;
;     -- io_rwds~output   ; Top       ; Output Buffer ; IOOBUF_X1_Y0_N2    ; Preserved from Post-Fit or Imported Netlist ;
;                         ;           ;               ;                    ;                                             ;
; o_clk                   ; Top       ; Output Port   ; n/a                ;                                             ;
;     -- o_clk            ; Top       ; Output Pad    ; IOPAD_X5_Y0_N21    ; Preserved from Post-Fit or Imported Netlist ;
;     -- o_clk~output     ; Top       ; Output Buffer ; IOOBUF_X5_Y0_N23   ; Preserved from Post-Fit or Imported Netlist ;
;                         ;           ;               ;                    ;                                             ;
; o_clkn                  ; Top       ; Output Port   ; n/a                ;                                             ;
;     -- o_clkn           ; Top       ; Output Pad    ; IOPAD_X5_Y0_N14    ; Preserved from Post-Fit or Imported Netlist ;
;     -- o_clkn~output    ; Top       ; Output Buffer ; IOOBUF_X5_Y0_N16   ; Preserved from Post-Fit or Imported Netlist ;
;                         ;           ;               ;                    ;                                             ;
; o_csn0                  ; Top       ; Output Port   ; n/a                ;                                             ;
;     -- o_csn0           ; Top       ; Output Pad    ; IOPAD_X3_Y0_N0     ; Preserved from Post-Fit or Imported Netlist ;
;     -- o_csn0~output    ; Top       ; Output Buffer ; IOOBUF_X3_Y0_N2    ; Preserved from Post-Fit or Imported Netlist ;
;                         ;           ;               ;                    ;                                             ;
; o_csn1                  ; Top       ; Output Port   ; n/a                ;                                             ;
;     -- o_csn1           ; Top       ; Output Pad    ; IOPAD_X9_Y0_N7     ; Preserved from Post-Fit or Imported Netlist ;
;     -- o_csn1~output    ; Top       ; Output Buffer ; IOOBUF_X9_Y0_N9    ; Preserved from Post-Fit or Imported Netlist ;
;                         ;           ;               ;                    ;                                             ;
; o_led[0]                ; Top       ; Output Port   ; n/a                ;                                             ;
;     -- o_led[0]         ; Top       ; Output Pad    ; IOPAD_X34_Y10_N0   ; Preserved from Post-Fit or Imported Netlist ;
;     -- o_led[0]~output  ; Top       ; Output Buffer ; IOOBUF_X34_Y10_N2  ; Preserved from Post-Fit or Imported Netlist ;
;                         ;           ;               ;                    ;                                             ;
; o_led[1]                ; Top       ; Output Port   ; n/a                ;                                             ;
;     -- o_led[1]         ; Top       ; Output Pad    ; IOPAD_X34_Y20_N14  ; Preserved from Post-Fit or Imported Netlist ;
;     -- o_led[1]~output  ; Top       ; Output Buffer ; IOOBUF_X34_Y20_N16 ; Preserved from Post-Fit or Imported Netlist ;
;                         ;           ;               ;                    ;                                             ;
; o_led[2]                ; Top       ; Output Port   ; n/a                ;                                             ;
;     -- o_led[2]         ; Top       ; Output Pad    ; IOPAD_X34_Y19_N14  ; Preserved from Post-Fit or Imported Netlist ;
;     -- o_led[2]~output  ; Top       ; Output Buffer ; IOOBUF_X34_Y19_N16 ; Preserved from Post-Fit or Imported Netlist ;
;                         ;           ;               ;                    ;                                             ;
; o_led[3]                ; Top       ; Output Port   ; n/a                ;                                             ;
;     -- o_led[3]         ; Top       ; Output Pad    ; IOPAD_X34_Y17_N0   ; Preserved from Post-Fit or Imported Netlist ;
;     -- o_led[3]~output  ; Top       ; Output Buffer ; IOOBUF_X34_Y17_N2  ; Preserved from Post-Fit or Imported Netlist ;
;                         ;           ;               ;                    ;                                             ;
; o_lvds_tx               ; Top       ; Output Port   ; n/a                ;                                             ;
;     -- o_lvds_tx        ; Top       ; Output Pad    ; Unplaced           ; Preserved from Synthesis Netlist (WYSIWYG)  ;
;     -- o_lvds_tx~output ; Top       ; Output Buffer ; Unplaced           ; Preserved from Synthesis Netlist (WYSIWYG)  ;
;                         ;           ;               ;                    ;                                             ;
; o_resetn                ; Top       ; Output Port   ; n/a                ;                                             ;
;     -- o_resetn         ; Top       ; Output Pad    ; IOPAD_X1_Y0_N7     ; Preserved from Post-Fit or Imported Netlist ;
;     -- o_resetn~output  ; Top       ; Output Buffer ; IOOBUF_X1_Y0_N9    ; Preserved from Post-Fit or Imported Netlist ;
;                         ;           ;               ;                    ;                                             ;
; o_tx[0]                 ; Top       ; Output Port   ; n/a                ;                                             ;
;     -- o_tx[0]          ; Top       ; Output Pad    ; IOPAD_X0_Y9_N0     ; Preserved from Post-Fit or Imported Netlist ;
;     -- o_tx[0]~output   ; Top       ; Output Buffer ; IOOBUF_X0_Y9_N2    ; Preserved from Post-Fit or Imported Netlist ;
;                         ;           ;               ;                    ;                                             ;
; o_tx[1]                 ; Top       ; Output Port   ; n/a                ;                                             ;
;     -- o_tx[1]          ; Top       ; Output Pad    ; IOPAD_X0_Y4_N14    ; Preserved from Post-Fit or Imported Netlist ;
;     -- o_tx[1]~output   ; Top       ; Output Buffer ; IOOBUF_X0_Y4_N16   ; Preserved from Post-Fit or Imported Netlist ;
;                         ;           ;               ;                    ;                                             ;
+-------------------------+-----------+---------------+--------------------+---------------------------------------------+


+------------------------------------------------------------------------------------------------------------------------------------------------------------------------+
; Partition Merge Resource Usage Summary                                                                                                                                 ;
+---------------------------------------------+--------------------------------------------------------------------------------------------------------------------------+
; Resource                                    ; Usage                                                                                                                    ;
+---------------------------------------------+--------------------------------------------------------------------------------------------------------------------------+
; Estimated Total logic elements              ; 179 / 10,320 ( 1 % )                                                                                                     ;
;                                             ;                                                                                                                          ;
; Total combinational functions               ; 118                                                                                                                      ;
; Logic element usage by number of LUT inputs ;                                                                                                                          ;
;     -- 4 input functions                    ; 32                                                                                                                       ;
;     -- 3 input functions                    ; 32                                                                                                                       ;
;     -- <=2 input functions                  ; 54                                                                                                                       ;
;                                             ;                                                                                                                          ;
; Logic elements by mode                      ;                                                                                                                          ;
;     -- normal mode                          ; 95                                                                                                                       ;
;     -- arithmetic mode                      ; 23                                                                                                                       ;
;                                             ;                                                                                                                          ;
; Total registers                             ; 127                                                                                                                      ;
;     -- Dedicated logic registers            ; 125                                                                                                                      ;
;     -- I/O registers                        ; 4                                                                                                                        ;
;                                             ;                                                                                                                          ;
; I/O pins                                    ; 27                                                                                                                       ;
; Total memory bits                           ; 20                                                                                                                       ;
;                                             ;                                                                                                                          ;
; Embedded Multiplier 9-bit elements          ; 0                                                                                                                        ;
;                                             ;                                                                                                                          ;
; Total PLLs                                  ; 2                                                                                                                        ;
;     -- PLLs                                 ; 2                                                                                                                        ;
;                                             ;                                                                                                                          ;
; Maximum fan-out node                        ; serdes_logic:serdes_inst|lvds_rx:lvds_rx_inst|altlvds_rx:ALTLVDS_RX_component|lvds_rx_lvds_rx1:auto_generated|fast_clock ;
; Maximum fan-out                             ; 65                                                                                                                       ;
; Total fan-out                               ; 725                                                                                                                      ;
; Average fan-out                             ; 2.13                                                                                                                     ;
+---------------------------------------------+--------------------------------------------------------------------------------------------------------------------------+


+-------------------------------------------------------------------------------------------------------------------------------------------------------------------------------------------------------------------------------------+
; Partition Merge RAM Summary                                                                                                                                                                                                         ;
+---------------------------------------------------------------------------------------------------------------------------------+------+------------------+--------------+--------------+--------------+--------------+------+------+
; Name                                                                                                                            ; Type ; Mode             ; Port A Depth ; Port A Width ; Port B Depth ; Port B Width ; Size ; MIF  ;
+---------------------------------------------------------------------------------------------------------------------------------+------+------------------+--------------+--------------+--------------+--------------+------+------+
; serdes_logic:serdes_inst|altshift_taps:tx_data_last1_rtl_0|shift_taps_2km:auto_generated|altsyncram_91b1:altsyncram2|ALTSYNCRAM ; AUTO ; Simple Dual Port ; 2            ; 10           ; 2            ; 10           ; 20   ; None ;
+---------------------------------------------------------------------------------------------------------------------------------+------+------------------+--------------+--------------+--------------+--------------+------+------+


+--------------------------+
; Partition Merge Messages ;
+--------------------------+
Info: *******************************************************************
Info: Running Quartus Prime Partition Merge
    Info: Version 22.1std.0 Build 915 10/25/2022 SC Standard Edition
    Info: Processing started: Mon Jan 22 18:34:35 2024
Info: Command: quartus_cdb --read_settings_files=off --write_settings_files=off Cyclone_10_generator -c Cyclone_10_generator --merge=on
Info (35006): Using previously generated Fitter netlist for partition "Top"
Info (35002): Resolved and merged 1 partition(s)
Info (16010): Generating hard_block partition "hard_block:auto_generated_inst"
    Info (16011): Adding 5 node(s), including 1 DDIO, 2 PLL, 0 transceiver and 0 LCELL
Warning (21074): Design contains 3 input pin(s) that do not drive logic
    Warning (15610): No output dependent on input pin "i_rx[0]" File: C:/Users/admin/Documents/FPGA/Cyclone_10_generator/rtl/main.sv Line: 22
    Warning (15610): No output dependent on input pin "i_rx[1]" File: C:/Users/admin/Documents/FPGA/Cyclone_10_generator/rtl/main.sv Line: 22
    Warning (15610): No output dependent on input pin "i_clk_lvds" File: C:/Users/admin/Documents/FPGA/Cyclone_10_generator/rtl/main.sv Line: 25
Info (21057): Implemented 210 device resources after synthesis - the final resource count might be different
    Info (21058): Implemented 6 input pins
    Info (21059): Implemented 12 output pins
    Info (21060): Implemented 9 bidirectional pins
    Info (21061): Implemented 179 logic cells
    Info (21064): Implemented 1 RAM segments
    Info (21065): Implemented 2 PLLs
Info: Quartus Prime Partition Merge was successful. 0 errors, 4 warnings
    Info: Peak virtual memory: 4725 megabytes
    Info: Processing ended: Mon Jan 22 18:34:38 2024
    Info: Elapsed time: 00:00:03
    Info: Total CPU time (on all processors): 00:00:02


